TN:
SF:script/BRR.s.sol
FN:7,BRRScript.setUp
FNDA:0,BRRScript.setUp
FN:9,BRRScript.run
FNDA:0,BRRScript.run
DA:10,0
FNF:2
FNH:0
LF:1
LH:0
BRF:0
BRH:0
end_of_record
TN:
SF:src/BRR.sol
FN:24,BRR.name
FNDA:1,BRR.name
DA:25,1
FN:28,BRR.symbol
FNDA:1,BRR.symbol
DA:29,1
FN:32,BRR.setMaxSupply
FNDA:4,BRR.setMaxSupply
DA:33,3
BRDA:33,0,0,1
BRDA:33,0,1,2
DA:34,2
BRDA:34,1,0,1
BRDA:34,1,1,1
DA:36,1
DA:38,1
FN:41,BRR.mint
FNDA:261,BRR.mint
DA:44,260
BRDA:44,2,0,1
BRDA:44,2,1,259
DA:45,1
DA:48,259
FNF:4
FNH:4
LF:9
LH:9
BRF:6
BRH:6
end_of_record
