TN:
SF:script/BRR.s.sol
FN:7,BRRScript.setUp
FNDA:0,BRRScript.setUp
FN:9,BRRScript.run
FNDA:0,BRRScript.run
DA:10,0
FNF:2
FNH:0
LF:1
LH:0
BRF:0
BRH:0
end_of_record
TN:
SF:src/BRR.sol
FN:29,BRR.transferOwnership
FNDA:1,BRR.transferOwnership
DA:30,1
FN:36,BRR.renounceOwnership
FNDA:1,BRR.renounceOwnership
DA:37,1
FN:43,BRR.name
FNDA:1,BRR.name
DA:44,1
FN:50,BRR.symbol
FNDA:1,BRR.symbol
DA:51,1
FN:58,BRR.setMaxSupply
FNDA:4,BRR.setMaxSupply
DA:59,3
BRDA:59,0,0,1
BRDA:59,0,1,2
DA:60,2
BRDA:60,1,0,1
BRDA:60,1,1,1
DA:62,1
DA:64,1
FN:72,BRR.mint
FNDA:261,BRR.mint
DA:75,260
BRDA:75,2,0,1
BRDA:75,2,1,259
DA:76,1
DA:79,259
FNF:6
FNH:6
LF:11
LH:11
BRF:6
BRH:6
end_of_record
